<?xml version="1.0" encoding="UTF-8"?>
<testsuite name="jp.ac.uryukyu.ie.e235712.AppTest" tests="1" skipped="0" failures="0" errors="0" timestamp="2024-01-23T12:55:27" hostname="maruonaokinoAir" time="0.008">
  <properties/>
  <testcase name="appHasAGreeting()" classname="jp.ac.uryukyu.ie.e235712.AppTest" time="0.008"/>
  <system-out><![CDATA[]]></system-out>
  <system-err><![CDATA[]]></system-err>
</testsuite>
